13:34:21 **** Incremental Build of configuration Debug for project asg_2 ****
make all 
Building file: ../src/TutorialApplication.cpp
Invoking: GCC C++ Compiler
g++ -I"/home/nirmitp/workspace/asg_2/inc" -I/usr/local/include/OGRE -I/usr/local/include/OGRE/Overlay -I/usr/include/ois -O0 -g3 -Wall -c -fmessage-length=0 -MMD -MP -MF"src/TutorialApplication.d" -MT"src/TutorialApplication.d" -o "src/TutorialApplication.o" "../src/TutorialApplication.cpp"
In file included from ../src/TutorialApplication.cpp:9:0:
/home/nirmitp/workspace/asg_2/inc/TutorialApplication.h:39:16: warning: non-static data member initializers only available with -std=c++11 or -std=gnu++11
   float move = 400.0f;
                ^
/home/nirmitp/workspace/asg_2/inc/TutorialApplication.h:42:14: warning: non-static data member initializers only available with -std=c++11 or -std=gnu++11
   float dt = 25.0f;
              ^
/home/nirmitp/workspace/asg_2/inc/TutorialApplication.h:44:41: warning: non-static data member initializers only available with -std=c++11 or -std=gnu++11
   Ogre::Vector3 dirVec = Ogre::Vector3::ZERO;
                                         ^
../src/TutorialApplication.cpp: In constructor ‘TutorialApplication::TutorialApplication()’:
../src/TutorialApplication.cpp:15:20: warning: unused variable ‘types’ [-Wunused-variable]
  static EntityType types;
                    ^
Finished building: ../src/TutorialApplication.cpp
 
Building target: asg_2
Invoking: GCC C++ Linker
g++ -L/usr/local/lib -L/usr/lib/x86_64-linux-gnu -o "asg_2"  ./src/BaseApplication.o ./src/Entity381.o ./src/EntityMgr.o ./src/TutorialApplication.o   -lOgreMain -lOgreOverlay -lOIS -lboost_system
Finished building target: asg_2
 
13:34:27 **** Incremental Build of configuration Debug for project asg_2 ****
make all 
make: Nothing to be done for 'all'.
13:34:48 **** Incremental Build of configuration Debug for project asg_2 ****
make all 
make: Nothing to be done for 'all'.
13:35:28 **** Incremental Build of configuration Debug for project asg_2 ****
make all 
Building file: ../src/Entity381.cpp
Invoking: GCC C++ Compiler
g++ -I"/home/nirmitp/workspace/asg_2/inc" -I/usr/local/include/OGRE -I/usr/local/include/OGRE/Overlay -I/usr/include/ois -O0 -g3 -Wall -c -fmessage-length=0 -MMD -MP -MF"src/Entity381.d" -MT"src/Entity381.d" -o "src/Entity381.o" "../src/Entity381.cpp"
Finished building: ../src/Entity381.cpp
 
Building target: asg_2
Invoking: GCC C++ Linker
g++ -L/usr/local/lib -L/usr/lib/x86_64-linux-gnu -o "asg_2"  ./src/BaseApplication.o ./src/Entity381.o ./src/EntityMgr.o ./src/TutorialApplication.o   -lOgreMain -lOgreOverlay -lOIS -lboost_system
Finished building target: asg_2
 
13:40:00 **** Incremental Build of configuration Debug for project asg_2 ****
make all 
make: Nothing to be done for 'all'.
